
**** Build of configuration Debug for project lab62 ****

"C:\\ti\\ccs1031\\ccs\\utils\\bin\\gmake" -k -j 8 all -O 
 
Building file: "../main.c"
Invoking: Arm Compiler
"C:/ti/ccs1031/ccs/tools/compiler/ti-cgt-arm_20.2.5.LTS/bin/armcl" -mv7M4 --code_state=16 --float_support=FPv4SPD16 -me --include_path="C:/Users/danie/OneDrive/Desktop/lab-PS/lab62" --include_path="C:/ti/ccs1031/ccs/tools/compiler/ti-cgt-arm_20.2.5.LTS/include" --define=ccs="ccs" --define=PART_TM4C123GH6PM -g --gcc --diag_warning=225 --diag_wrap=off --display_error_number --abi=eabi --preproc_with_compile --preproc_dependency="main.d_raw"  "../main.c"
 
>> Compilation failure
subdir_rules.mk:9: recipe for target 'main.obj' failed
"../main.c", line 52: fatal error #1965: cannot open source file "inc/hw_memmap.h"
1 catastrophic error detected in the compilation of "../main.c".
Compilation terminated.
gmake: *** [main.obj] Error 1
Building file: "../uartstdio.c"
Invoking: Arm Compiler
"C:/ti/ccs1031/ccs/tools/compiler/ti-cgt-arm_20.2.5.LTS/bin/armcl" -mv7M4 --code_state=16 --float_support=FPv4SPD16 -me --include_path="C:/Users/danie/OneDrive/Desktop/lab-PS/lab62" --include_path="C:/ti/ccs1031/ccs/tools/compiler/ti-cgt-arm_20.2.5.LTS/include" --define=ccs="ccs" --define=PART_TM4C123GH6PM -g --gcc --diag_warning=225 --diag_wrap=off --display_error_number --abi=eabi --preproc_with_compile --preproc_dependency="uartstdio.d_raw"  "../uartstdio.c"
 
>> Compilation failure
subdir_rules.mk:9: recipe for target 'uartstdio.obj' failed
"../uartstdio.c", line 28: fatal error #1965: cannot open source file "inc/hw_ints.h"
1 catastrophic error detected in the compilation of "../uartstdio.c".
Compilation terminated.
gmake: *** [uartstdio.obj] Error 1
gmake: Target 'all' not remade because of errors.

**** Build Finished ****
